    OpenRGB v0.9
    Commit:  from 
    Launched: 20240625_220803
====================================================================================================

0     |Info:    Found file: Default.orp attempting to validate header
0     |Info:    Valid v4 profile found for Default
1001  |Info:    ------------------------------------------------------
1001  |Info:    |               Start device detection               |
1001  |Info:    ------------------------------------------------------
1001  |Info:    Initializing HID interfaces: Success
1006  |Info:    ------------------------------------------------------
1006  |Info:    |             Detecting I2C interfaces               |
1006  |Info:    ------------------------------------------------------
1006  |Info:    Registering I2C interface: /dev/i2c-3 Device 10DE:1ADB Subsystem: 103C:8741
1006  |Info:    Registering I2C interface: /dev/i2c-1 Device 10DE:1F12 Subsystem: 103C:8741
1006  |Info:    Registering I2C interface: /dev/i2c-8 Device 8086:9BC4 Subsystem: 103C:8741
1006  |Info:    Registering I2C interface: /dev/i2c-4 Device 0000:0000 Subsystem: 0000:0000
1006  |Info:    Registering I2C interface: /dev/i2c-2 Device 10DE:1F12 Subsystem: 103C:8741
1006  |Info:    Registering I2C interface: /dev/i2c-9 Device 8086:9BC4 Subsystem: 103C:8741
1006  |Info:    Registering I2C interface: /dev/i2c-5 Device 0000:0000 Subsystem: 0000:0000
1006  |Warning: [i2c_smbus_linux] Failed to read i2c device PCI device ID
1006  |Info:    Registering I2C interface: /dev/i2c-12 Device 0000:0000 Subsystem: 0000:0000
1006  |Info:    ------------------------------------------------------
1006  |Info:    |               Detecting I2C devices                |
1006  |Info:    ------------------------------------------------------
1016  |Info:    ------------------------------------------------------
1016  |Info:    |               Detecting I2C PCI devices            |
1016  |Info:    ------------------------------------------------------
1017  |Info:    ------------------------------------------------------
1017  |Info:    |               Detecting HID devices                |
1017  |Info:    ------------------------------------------------------
1077  |Info:    [SteelSeries Rival 3] Registering RGB controller
1077  |Info:    ------------------------------------------------------
1077  |Info:    |            Detecting libusb HID devices            |
1077  |Info:    ------------------------------------------------------
1084  |Info:    ------------------------------------------------------
1084  |Info:    |              Detecting other devices               |
1084  |Info:    ------------------------------------------------------
1088  |Info:    ------------------------------------------------------
1088  |Info:    |                Detection completed                 |
1088  |Info:    ------------------------------------------------------
1088  |Dialog:  <h2>WARNING:</h2><p>One or more I2C/SMBus interfaces failed to initialize.</p><p>RGB DRAM modules and some motherboards' onboard RGB lighting will not be available without I2C/SMBus.</p><p>On Linux, this is usually because the i2c-dev module is not loaded.  You must load the i2c-dev module along with the correct i2c driver for your motherboard.  This is usually i2c-piix4 for AMD systems and i2c-i801 for Intel systems.</p><p>See <a href='https://help.openrgb.org/'>help.openrgb.org</a> for additional troubleshooting steps if you keep seeing this message.<br></p>
50816 |Info:    Found file: Default.orp attempting to validate header
50816 |Info:    Valid v4 profile found for Default
