    OpenRGB v0.9
    Commit:  from 
    Launched: 20240701_173800
====================================================================================================

0     |Info:    Found file: Default.orp attempting to validate header
0     |Info:    Valid v4 profile found for Default
1014  |Info:    ------------------------------------------------------
1014  |Info:    |               Start device detection               |
1014  |Info:    ------------------------------------------------------
1015  |Info:    Initializing HID interfaces: Success
1022  |Info:    ------------------------------------------------------
1022  |Info:    |             Detecting I2C interfaces               |
1022  |Info:    ------------------------------------------------------
1022  |Info:    Registering I2C interface: /dev/i2c-3 Device 8086:9BC4 Subsystem: 103C:8741
1022  |Info:    Registering I2C interface: /dev/i2c-10 Device 0000:0000 Subsystem: 0000:0000
1022  |Info:    Registering I2C interface: /dev/i2c-1 Device 8086:9BC4 Subsystem: 103C:8741
1022  |Warning: [i2c_smbus_linux] Failed to read i2c device PCI device ID
1022  |Info:    Registering I2C interface: /dev/i2c-ELAN0710:01 Device 0000:0000 Subsystem: 0000:0000
1022  |Info:    Registering I2C interface: /dev/i2c-6 Device 10DE:1F12 Subsystem: 103C:8741
1022  |Warning: [i2c_smbus_linux] Failed to read i2c device PCI device ID
1022  |Info:    Registering I2C interface: /dev/i2c-4 Device 0000:0000 Subsystem: 0000:0000
1022  |Info:    Registering I2C interface: /dev/i2c-11 Device 0000:0000 Subsystem: 0000:0000
1022  |Info:    Registering I2C interface: /dev/i2c-2 Device 8086:9BC4 Subsystem: 103C:8741
1023  |Info:    Registering I2C interface: /dev/i2c-0 Device 8086:9BC4 Subsystem: 103C:8741
1023  |Info:    Registering I2C interface: /dev/i2c-9 Device 8086:06A3 Subsystem: 103C:8741
1023  |Info:    Registering I2C interface: /dev/i2c-7 Device 10DE:1F12 Subsystem: 103C:8741
1023  |Warning: [i2c_smbus_linux] Failed to read i2c device PCI device ID
1023  |Info:    Registering I2C interface: /dev/i2c-5 Device 0000:0000 Subsystem: 0000:0000
1023  |Info:    ------------------------------------------------------
1023  |Info:    |               Detecting I2C devices                |
1023  |Info:    ------------------------------------------------------
1478  |Info:    ------------------------------------------------------
1478  |Info:    |               Detecting I2C PCI devices            |
1478  |Info:    ------------------------------------------------------
1480  |Info:    ------------------------------------------------------
1480  |Info:    |               Detecting HID devices                |
1480  |Info:    ------------------------------------------------------
1540  |Info:    [SteelSeries Rival 3] Registering RGB controller
1540  |Info:    ------------------------------------------------------
1540  |Info:    |            Detecting libusb HID devices            |
1540  |Info:    ------------------------------------------------------
1548  |Info:    ------------------------------------------------------
1548  |Info:    |              Detecting other devices               |
1548  |Info:    ------------------------------------------------------
1555  |Info:    ------------------------------------------------------
1555  |Info:    |                Detection completed                 |
1555  |Info:    ------------------------------------------------------
1555  |Dialog:  <h2>WARNING:</h2><p>One or more I2C/SMBus interfaces failed to initialize.</p><p>RGB DRAM modules and some motherboards' onboard RGB lighting will not be available without I2C/SMBus.</p><p>On Linux, this is usually because the i2c-dev module is not loaded.  You must load the i2c-dev module along with the correct i2c driver for your motherboard.  This is usually i2c-piix4 for AMD systems and i2c-i801 for Intel systems.</p><p>See <a href='https://help.openrgb.org/'>help.openrgb.org</a> for additional troubleshooting steps if you keep seeing this message.<br></p>
53337 |Info:    Found file: Default.orp attempting to validate header
53337 |Info:    Valid v4 profile found for Default
